[2023-05-29 02:21:08,081] multiqc                                            [DEBUG  ]  This is MultiQC v1.14
[2023-05-29 02:21:08,082] multiqc                                            [DEBUG  ]  Command used: /home/victor/Project/WES/XXXXXXXXSS/.snakemake/conda/611544b6f502840a72ffd7e7dc53b676_/bin/multiqc --force -o report -n fastp_multiqc.html report
[2023-05-29 02:21:09,199] multiqc                                            [DEBUG  ]  Latest MultiQC version is v1.14
[2023-05-29 02:21:09,200] multiqc                                            [DEBUG  ]  Working dir : /home/victor/Project/WES/XXXXXXXXSS
[2023-05-29 02:21:09,200] multiqc                                            [DEBUG  ]  Template    : default
[2023-05-29 02:21:09,200] multiqc                                            [DEBUG  ]  Running Python 3.11.3 | packaged by conda-forge | (main, Apr  6 2023, 08:57:19) [GCC 11.3.0]
[2023-05-29 02:21:09,201] multiqc                                            [DEBUG  ]  Analysing modules: custom_content, ccs, ngsderive, purple, conpair, lima, peddy, somalier, methylQA, mosdepth, phantompeakqualtools, qualimap, preseq, hifiasm, quast, qorts, rna_seqc, rockhopper, rsem, rseqc, busco, bustools, goleft_indexcov, gffcompare, disambiguate, supernova, deeptools, sargasso, verifybamid, mirtrace, happy, mirtop, sambamba, gopeaks, homer, hops, macs2, theta2, snpeff, gatk, htseq, bcftools, featureCounts, fgbio, dragen, dragen_fastqc, dedup, pbmarkdup, damageprofiler, biobambam2, jcvi, mtnucratio, picard, vep, sentieon, prokka, qc3C, nanostat, samblaster, samtools, sexdeterrmine, eigenstratdatabasetools, bamtools, jellyfish, vcftools, longranger, stacks, varscan2, snippy, umitools, bbmap, bismark, biscuit, diamond, hicexplorer, hicup, hicpro, salmon, kallisto, slamdunk, star, hisat2, tophat, bowtie2, bowtie1, cellranger, snpsplit, odgi, pangolin, nextclade, humid, kat, leehom, adapterRemoval, bbduk, clipandmerge, cutadapt, flexbar, kaiju, kraken, malt, motus, trimmomatic, sickle, skewer, sortmerna, biobloomtools, fastq_screen, afterqc, fastp, fastqc, filtlong, prinseqplusplus, pychopper, porechop, pycoqc, minionqc, anglerfish, multivcfanalyzer, clusterflow, checkqc, bcl2fastq, bclconvert, interop, ivar, flash, seqyclean, optitype, whatshap
[2023-05-29 02:21:09,202] multiqc                                            [DEBUG  ]  Using temporary directory for creating report: /tmp/tmpo908ype2
[2023-05-29 02:21:09,980] multiqc                                            [INFO   ]  Search path : /home/victor/Project/WES/XXXXXXXXSS/report
[2023-05-29 02:21:10,398] multiqc                                            [DEBUG  ]  Summary of files that were skipped by the search: [skipped_module_specific_max_filesize: 12] // [skipped_no_match: 2]
[2023-05-29 02:21:16,319] multiqc.plots.bargraph                             [DEBUG  ]  Using matplotlib version 3.7.1
[2023-05-29 02:21:16,353] multiqc.plots.linegraph                            [DEBUG  ]  Using matplotlib version 3.7.1
[2023-05-29 02:21:16,373] multiqc                                            [DEBUG  ]  No samples found: custom_content
[2023-05-29 02:21:16,436] multiqc.modules.fastp.fastp                        [DEBUG  ]  fastp JSON did not have a 'adapter_cutting' key, skipping: 'P1.T.fastp.json'
[2023-05-29 02:21:16,436] multiqc.modules.fastp.fastp                        [DEBUG  ]  Could not calculate 'pct_adapter' (KeyError): P1.T.fastp.json
[2023-05-29 02:21:16,436] multiqc.modules.fastp.fastp                        [DEBUG  ]  No duplication rate plot data: P1.T.fastp.json
[2023-05-29 02:21:16,436] multiqc.modules.fastp.fastp                        [DEBUG  ]  No insert size plot data: P1.T.fastp.json
[2023-05-29 02:21:16,436] multiqc.modules.fastp.fastp                        [DEBUG  ]  Read quality read2_before_filtering not found: P1.T.fastp.json
[2023-05-29 02:21:16,437] multiqc.modules.fastp.fastp                        [DEBUG  ]  Content curve data read2_before_filtering not found: P1.T.fastp.json
[2023-05-29 02:21:16,437] multiqc.modules.fastp.fastp                        [DEBUG  ]  Read quality read2_after_filtering not found: P1.T.fastp.json
[2023-05-29 02:21:16,437] multiqc.modules.fastp.fastp                        [DEBUG  ]  Content curve data read2_after_filtering not found: P1.T.fastp.json
[2023-05-29 02:21:16,477] multiqc.modules.fastp.fastp                        [DEBUG  ]  fastp JSON did not have a 'adapter_cutting' key, skipping: 'P1.N.fastp.json'
[2023-05-29 02:21:16,477] multiqc.modules.fastp.fastp                        [DEBUG  ]  Could not calculate 'pct_adapter' (KeyError): P1.N.fastp.json
[2023-05-29 02:21:16,477] multiqc.modules.fastp.fastp                        [DEBUG  ]  No duplication rate plot data: P1.N.fastp.json
[2023-05-29 02:21:16,477] multiqc.modules.fastp.fastp                        [DEBUG  ]  No insert size plot data: P1.N.fastp.json
[2023-05-29 02:21:16,478] multiqc.modules.fastp.fastp                        [DEBUG  ]  Read quality read2_before_filtering not found: P1.N.fastp.json
[2023-05-29 02:21:16,478] multiqc.modules.fastp.fastp                        [DEBUG  ]  Content curve data read2_before_filtering not found: P1.N.fastp.json
[2023-05-29 02:21:16,478] multiqc.modules.fastp.fastp                        [DEBUG  ]  Read quality read2_after_filtering not found: P1.N.fastp.json
[2023-05-29 02:21:16,478] multiqc.modules.fastp.fastp                        [DEBUG  ]  Content curve data read2_after_filtering not found: P1.N.fastp.json
[2023-05-29 02:21:16,478] multiqc.modules.fastp.fastp                        [INFO   ]  Found 2 reports
[2023-05-29 02:21:16,551] multiqc                                            [INFO   ]  Compressing plot data
[2023-05-29 02:21:16,711] multiqc                                            [INFO   ]  Report      : report/fastp_multiqc.html
[2023-05-29 02:21:16,711] multiqc                                            [INFO   ]  Data        : report/fastp_multiqc_data
[2023-05-29 02:21:16,712] multiqc                                            [DEBUG  ]  Moving data file from '/tmp/tmpo908ype2/multiqc_data' to 'report/fastp_multiqc_data'
[2023-05-29 02:21:17,639] multiqc                                            [INFO   ]  MultiQC complete
