Looking to launch executable "/home/victor/Project/WES/XXXXXXXXSS/.snakemake/conda/8ac25bf006f63422e06827a7709f9346_/bin/bwa-mem2.avx", simd = .avx
Launching executable "/home/victor/Project/WES/XXXXXXXXSS/.snakemake/conda/8ac25bf006f63422e06827a7709f9346_/bin/bwa-mem2.avx"
samblaster: Version 0.1.26
samblaster: Inputting from stdin
-----------------------------
Executing in AVX mode!!
-----------------------------
* SA compression enabled with xfactor: 8
* Ref file: /home/victor/DataHub/GATK/Homo_sapiens_assembly38.fasta
* Entering FMI_search
* Index file found. Loading index from /home/victor/DataHub/GATK/Homo_sapiens_assembly38.fasta.bwt.2bit.64
* Reference seq len for bi-index = 6434693835
00:35:28.817 INFO  NativeLibraryLoader - Loading libgkl_compression.so from jar:file:/home/victor/Project/WES/XXXXXXXXSS/.snakemake/conda/8ac25bf006f63422e06827a7709f9346_/share/picard-slim-3.0.0-0/picard.jar!/com/intel/gkl/native/libgkl_compression.so
[Mon May 29 00:35:28 CST 2023] SortSam --INPUT /dev/stdin --OUTPUT /dev/stdout --SORT_ORDER coordinate --VERBOSITY INFO --QUIET false --VALIDATION_STRINGENCY STRICT --COMPRESSION_LEVEL 5 --MAX_RECORDS_IN_RAM 500000 --CREATE_INDEX false --CREATE_MD5_FILE false --help false --version false --showHidden false --USE_JDK_DEFLATER false --USE_JDK_INFLATER false
[Mon May 29 00:35:28 CST 2023] Executing as victor@shpc-1385-instance-rVoBySAX on Linux 5.15.0-71-generic amd64; OpenJDK 64-Bit Server VM 17.0.3-internal+0-adhoc..src; Deflater: Intel; Inflater: Intel; Provider GCS is not available; Picard version: Version:3.0.0
* sentinel-index: 2736215060
* Count:
0,	1
1,	1882204624
2,	3217346918
3,	4552489212
4,	6434693835

* Reading other elements of the index from files /home/victor/DataHub/GATK/Homo_sapiens_assembly38.fasta
* Index prefix: /home/victor/DataHub/GATK/Homo_sapiens_assembly38.fasta
* Read 0 ALT contigs
* Done reading Index!!
* Reading reference genome..
* Binary seq file = /home/victor/DataHub/GATK/Homo_sapiens_assembly38.fasta.0123
* Reference genome size: 6434693834 bp
* Done reading reference genome !!

------------------------------------------
1. Memory pre-allocation for Chaining: 2786.7754 MB
2. Memory pre-allocation for BSW: 4792.3405 MB
3. Memory pre-allocation for BWT: 1546.2835 MB
------------------------------------------
* Threads used (compute): 20
* No. of pipeline threads: 2

[0000] read_chunk: 200000000, work_chunk_size: 200000075, nseq: 1335090
	[0000][ M::kt_pipeline] read 1335090 sequences (200000075 bp)...
[0000] Reallocating initial memory allocations!!
[0000] Calling mem_process_seqs.., task: 0
[0000] 1. Calling kt_for - worker_bwt
[0000] 2. Calling kt_for - worker_aln
[0000] 3. Calling kt_for - worker_sam
	[0000][ M::mem_process_seqs] Processed 1335090 reads in 445.243 CPU sec, 261.451 real sec
samblaster: Loaded 3366 header sequence entries.
INFO	2023-05-29 00:42:16	SAMFileWriterFactory	Unknown file extension, assuming BAM format when writing file: file:///dev/stdout
[0000] read_chunk: 200000000, work_chunk_size: 200000188, nseq: 1335114
	[0000][ M::kt_pipeline] read 1335114 sequences (200000188 bp)...
[0000] Reallocating initial memory allocations!!
[0000] Calling mem_process_seqs.., task: 1
[0000] 1. Calling kt_for - worker_bwt
INFO	2023-05-29 00:42:20	SortSam	Seen many non-increasing record positions. Printing Read-names as well.
[0000] read_chunk: 200000000, work_chunk_size: 200000100, nseq: 1335228
	[0000][ M::kt_pipeline] read 1335228 sequences (200000100 bp)...
[0000] 2. Calling kt_for - worker_aln
[0000] 3. Calling kt_for - worker_sam
	[0000][ M::mem_process_seqs] Processed 1335114 reads in 514.420 CPU sec, 164.212 real sec
[0000] Reallocating initial memory allocations!!
[0000] Calling mem_process_seqs.., task: 2
[0000] 1. Calling kt_for - worker_bwt
[0000] read_chunk: 200000000, work_chunk_size: 200000025, nseq: 1335096
	[0000][ M::kt_pipeline] read 1335096 sequences (200000025 bp)...
[0000] 2. Calling kt_for - worker_aln
[0000] 3. Calling kt_for - worker_sam
	[0000][ M::mem_process_seqs] Processed 1335228 reads in 490.569 CPU sec, 138.068 real sec
[0000] Calling mem_process_seqs.., task: 3
[0000] 1. Calling kt_for - worker_bwt
[0000] read_chunk: 200000000, work_chunk_size: 200000086, nseq: 1335202
	[0000][ M::kt_pipeline] read 1335202 sequences (200000086 bp)...
[0000] 2. Calling kt_for - worker_aln
[0000] 3. Calling kt_for - worker_sam
	[0000][ M::mem_process_seqs] Processed 1335096 reads in 476.116 CPU sec, 128.095 real sec
[0000] Calling mem_process_seqs.., task: 4
[0000] 1. Calling kt_for - worker_bwt
[0000] read_chunk: 200000000, work_chunk_size: 200000153, nseq: 1335268
	[0000][ M::kt_pipeline] read 1335268 sequences (200000153 bp)...
[0000] 2. Calling kt_for - worker_aln
[0000] 3. Calling kt_for - worker_sam
	[0000][ M::mem_process_seqs] Processed 1335202 reads in 537.673 CPU sec, 122.779 real sec
[0000] Reallocating initial memory allocations!!
[0000] Calling mem_process_seqs.., task: 5
[0000] 1. Calling kt_for - worker_bwt
[0000] read_chunk: 200000000, work_chunk_size: 200000253, nseq: 1335116
	[0000][ M::kt_pipeline] read 1335116 sequences (200000253 bp)...
[0000] 2. Calling kt_for - worker_aln
[0000] 3. Calling kt_for - worker_sam
	[0000][ M::mem_process_seqs] Processed 1335268 reads in 451.901 CPU sec, 123.468 real sec
[0000] Calling mem_process_seqs.., task: 6
[0000] 1. Calling kt_for - worker_bwt
[0000] read_chunk: 200000000, work_chunk_size: 200000037, nseq: 1335112
	[0000][ M::kt_pipeline] read 1335112 sequences (200000037 bp)...
[0000] 2. Calling kt_for - worker_aln
[0000] 3. Calling kt_for - worker_sam
	[0000][ M::mem_process_seqs] Processed 1335116 reads in 509.279 CPU sec, 139.889 real sec
[0000] Calling mem_process_seqs.., task: 7
[0000] 1. Calling kt_for - worker_bwt
[0000] read_chunk: 200000000, work_chunk_size: 200000152, nseq: 1335116
	[0000][ M::kt_pipeline] read 1335116 sequences (200000152 bp)...
[0000] 2. Calling kt_for - worker_aln
[0000] 3. Calling kt_for - worker_sam
	[0000][ M::mem_process_seqs] Processed 1335112 reads in 472.456 CPU sec, 135.294 real sec
[0000] Calling mem_process_seqs.., task: 8
[0000] 1. Calling kt_for - worker_bwt
[0000] read_chunk: 200000000, work_chunk_size: 200000064, nseq: 1335064
	[0000][ M::kt_pipeline] read 1335064 sequences (200000064 bp)...
[0000] 2. Calling kt_for - worker_aln
[0000] 3. Calling kt_for - worker_sam
	[0000][ M::mem_process_seqs] Processed 1335116 reads in 489.329 CPU sec, 135.168 real sec
[0000] Calling mem_process_seqs.., task: 9
[0000] 1. Calling kt_for - worker_bwt
[0000] read_chunk: 200000000, work_chunk_size: 200000028, nseq: 1335148
	[0000][ M::kt_pipeline] read 1335148 sequences (200000028 bp)...
[0000] 2. Calling kt_for - worker_aln
[0000] 3. Calling kt_for - worker_sam
	[0000][ M::mem_process_seqs] Processed 1335064 reads in 463.256 CPU sec, 132.696 real sec
[0000] Calling mem_process_seqs.., task: 10
[0000] 1. Calling kt_for - worker_bwt
[0000] read_chunk: 200000000, work_chunk_size: 200000244, nseq: 1335114
	[0000][ M::kt_pipeline] read 1335114 sequences (200000244 bp)...
[0000] 2. Calling kt_for - worker_aln
[0000] 3. Calling kt_for - worker_sam
	[0000][ M::mem_process_seqs] Processed 1335148 reads in 480.806 CPU sec, 128.246 real sec
[0000] Calling mem_process_seqs.., task: 11
[0000] 1. Calling kt_for - worker_bwt
[0000] read_chunk: 200000000, work_chunk_size: 200000141, nseq: 1335134
	[0000][ M::kt_pipeline] read 1335134 sequences (200000141 bp)...
[0000] 2. Calling kt_for - worker_aln
[0000] 3. Calling kt_for - worker_sam
	[0000][ M::mem_process_seqs] Processed 1335114 reads in 483.462 CPU sec, 121.553 real sec
[0000] Calling mem_process_seqs.., task: 12
[0000] 1. Calling kt_for - worker_bwt
INFO	2023-05-29 01:06:57	SortSam	Read    10,000,000 records.  Elapsed time: 00:24:40s.  Time for last 10,000,000: 1,480s.  Last read position: chr1:53,466,567.  Last read name: SRR24443169.14985793
[0000] read_chunk: 200000000, work_chunk_size: 200000151, nseq: 1335038
	[0000][ M::kt_pipeline] read 1335038 sequences (200000151 bp)...
[0000] 2. Calling kt_for - worker_aln
[0000] 3. Calling kt_for - worker_sam
	[0000][ M::mem_process_seqs] Processed 1335134 reads in 495.489 CPU sec, 133.708 real sec
[0000] Calling mem_process_seqs.., task: 13
[0000] 1. Calling kt_for - worker_bwt
[0000] read_chunk: 200000000, work_chunk_size: 200000194, nseq: 1335102
	[0000][ M::kt_pipeline] read 1335102 sequences (200000194 bp)...
[0000] 2. Calling kt_for - worker_aln
[0000] 3. Calling kt_for - worker_sam
	[0000][ M::mem_process_seqs] Processed 1335038 reads in 474.554 CPU sec, 153.039 real sec
[0000] Calling mem_process_seqs.., task: 14
[0000] 1. Calling kt_for - worker_bwt
[0000] read_chunk: 200000000, work_chunk_size: 200000146, nseq: 1335108
	[0000][ M::kt_pipeline] read 1335108 sequences (200000146 bp)...
[0000] 2. Calling kt_for - worker_aln
[0000] 3. Calling kt_for - worker_sam
	[0000][ M::mem_process_seqs] Processed 1335102 reads in 465.789 CPU sec, 120.997 real sec
[0000] Calling mem_process_seqs.., task: 15
[0000] 1. Calling kt_for - worker_bwt
[0000] read_chunk: 200000000, work_chunk_size: 200000203, nseq: 1335102
	[0000][ M::kt_pipeline] read 1335102 sequences (200000203 bp)...
[0000] 2. Calling kt_for - worker_aln
[0000] 3. Calling kt_for - worker_sam
	[0000][ M::mem_process_seqs] Processed 1335108 reads in 460.814 CPU sec, 106.335 real sec
[0000] Calling mem_process_seqs.., task: 16
[0000] 1. Calling kt_for - worker_bwt
[0000] read_chunk: 200000000, work_chunk_size: 200000233, nseq: 1335044
	[0000][ M::kt_pipeline] read 1335044 sequences (200000233 bp)...
[0000] 2. Calling kt_for - worker_aln
[0000] 3. Calling kt_for - worker_sam
	[0000][ M::mem_process_seqs] Processed 1335102 reads in 486.503 CPU sec, 140.583 real sec
[0000] Calling mem_process_seqs.., task: 17
[0000] 1. Calling kt_for - worker_bwt
[0000] read_chunk: 200000000, work_chunk_size: 200000225, nseq: 1335078
	[0000][ M::kt_pipeline] read 1335078 sequences (200000225 bp)...
[0000] 2. Calling kt_for - worker_aln
[0000] 3. Calling kt_for - worker_sam
	[0000][ M::mem_process_seqs] Processed 1335044 reads in 457.632 CPU sec, 110.498 real sec
[0000] Calling mem_process_seqs.., task: 18
[0000] 1. Calling kt_for - worker_bwt
[0000] read_chunk: 200000000, work_chunk_size: 200000062, nseq: 1336276
	[0000][ M::kt_pipeline] read 1336276 sequences (200000062 bp)...
[0000] 2. Calling kt_for - worker_aln
[0000] 3. Calling kt_for - worker_sam
	[0000][ M::mem_process_seqs] Processed 1335078 reads in 448.933 CPU sec, 102.439 real sec
[0000] Reallocating initial memory allocations!!
[0000] Calling mem_process_seqs.., task: 19
[0000] 1. Calling kt_for - worker_bwt
[0000] read_chunk: 200000000, work_chunk_size: 200000042, nseq: 1338128
	[0000][ M::kt_pipeline] read 1338128 sequences (200000042 bp)...
[0000] 2. Calling kt_for - worker_aln
[0000] 3. Calling kt_for - worker_sam
	[0000][ M::mem_process_seqs] Processed 1336276 reads in 530.675 CPU sec, 135.331 real sec
[0000] Reallocating initial memory allocations!!
[0000] Calling mem_process_seqs.., task: 20
[0000] 1. Calling kt_for - worker_bwt
[0000] read_chunk: 200000000, work_chunk_size: 200000153, nseq: 1337492
	[0000][ M::kt_pipeline] read 1337492 sequences (200000153 bp)...
[0000] 2. Calling kt_for - worker_aln
[0000] 3. Calling kt_for - worker_sam
	[0000][ M::mem_process_seqs] Processed 1338128 reads in 651.255 CPU sec, 163.123 real sec
[0000] Calling mem_process_seqs.., task: 21
[0000] 1. Calling kt_for - worker_bwt
[0000] read_chunk: 200000000, work_chunk_size: 200000248, nseq: 1336956
	[0000][ M::kt_pipeline] read 1336956 sequences (200000248 bp)...
[0000] 2. Calling kt_for - worker_aln
[0000] 3. Calling kt_for - worker_sam
	[0000][ M::mem_process_seqs] Processed 1337492 reads in 627.119 CPU sec, 155.125 real sec
[0000] Calling mem_process_seqs.., task: 22
[0000] 1. Calling kt_for - worker_bwt
[0000] read_chunk: 200000000, work_chunk_size: 200000150, nseq: 1337994
	[0000][ M::kt_pipeline] read 1337994 sequences (200000150 bp)...
[0000] 2. Calling kt_for - worker_aln
[0000] 3. Calling kt_for - worker_sam
	[0000][ M::mem_process_seqs] Processed 1336956 reads in 560.177 CPU sec, 119.233 real sec
[0000] Calling mem_process_seqs.., task: 23
[0000] 1. Calling kt_for - worker_bwt
[0000] read_chunk: 200000000, work_chunk_size: 200000231, nseq: 1337616
	[0000][ M::kt_pipeline] read 1337616 sequences (200000231 bp)...
[0000] 2. Calling kt_for - worker_aln
[0000] 3. Calling kt_for - worker_sam
	[0000][ M::mem_process_seqs] Processed 1337994 reads in 587.329 CPU sec, 132.438 real sec
[0000] Calling mem_process_seqs.., task: 24
[0000] 1. Calling kt_for - worker_bwt
[0000] read_chunk: 200000000, work_chunk_size: 200000144, nseq: 1336796
	[0000][ M::kt_pipeline] read 1336796 sequences (200000144 bp)...
[0000] 2. Calling kt_for - worker_aln
[0000] 3. Calling kt_for - worker_sam
	[0000][ M::mem_process_seqs] Processed 1337616 reads in 555.732 CPU sec, 164.712 real sec
[0000] Calling mem_process_seqs.., task: 25
[0000] 1. Calling kt_for - worker_bwt
[0000] read_chunk: 200000000, work_chunk_size: 200000262, nseq: 1335998
	[0000][ M::kt_pipeline] read 1335998 sequences (200000262 bp)...
[0000] 2. Calling kt_for - worker_aln
[0000] 3. Calling kt_for - worker_sam
	[0000][ M::mem_process_seqs] Processed 1336796 reads in 514.950 CPU sec, 124.644 real sec
[0000] Calling mem_process_seqs.., task: 26
[0000] 1. Calling kt_for - worker_bwt
[0000] read_chunk: 200000000, work_chunk_size: 200000036, nseq: 1335800
	[0000][ M::kt_pipeline] read 1335800 sequences (200000036 bp)...
[0000] 2. Calling kt_for - worker_aln
[0000] 3. Calling kt_for - worker_sam
	[0000][ M::mem_process_seqs] Processed 1335998 reads in 517.294 CPU sec, 114.745 real sec
[0000] Calling mem_process_seqs.., task: 27
[0000] 1. Calling kt_for - worker_bwt
[0000] read_chunk: 200000000, work_chunk_size: 200000034, nseq: 1335856
	[0000][ M::kt_pipeline] read 1335856 sequences (200000034 bp)...
[0000] 2. Calling kt_for - worker_aln
[0000] 3. Calling kt_for - worker_sam
	[0000][ M::mem_process_seqs] Processed 1335800 reads in 515.966 CPU sec, 143.629 real sec
[0000] Calling mem_process_seqs.., task: 28
[0000] 1. Calling kt_for - worker_bwt
INFO	2023-05-29 01:42:14	SortSam	Read    20,000,000 records.  Elapsed time: 00:59:57s.  Time for last 10,000,000: 2,116s.  Last read position: chr15:28,016,263.  Last read name: SRR24443169.36192221
[0000] read_chunk: 200000000, work_chunk_size: 200000081, nseq: 1335850
	[0000][ M::kt_pipeline] read 1335850 sequences (200000081 bp)...
[0000] 2. Calling kt_for - worker_aln
[0000] 3. Calling kt_for - worker_sam
	[0000][ M::mem_process_seqs] Processed 1335856 reads in 507.418 CPU sec, 122.134 real sec
[0000] Calling mem_process_seqs.., task: 29
[0000] 1. Calling kt_for - worker_bwt
[0000] read_chunk: 200000000, work_chunk_size: 200000263, nseq: 1335914
	[0000][ M::kt_pipeline] read 1335914 sequences (200000263 bp)...
[0000] 2. Calling kt_for - worker_aln
[0000] 3. Calling kt_for - worker_sam
	[0000][ M::mem_process_seqs] Processed 1335850 reads in 504.083 CPU sec, 122.441 real sec
[0000] Calling mem_process_seqs.., task: 30
[0000] 1. Calling kt_for - worker_bwt
[0000] read_chunk: 200000000, work_chunk_size: 200000201, nseq: 1336028
	[0000][ M::kt_pipeline] read 1336028 sequences (200000201 bp)...
[0000] 2. Calling kt_for - worker_aln
[0000] 3. Calling kt_for - worker_sam
	[0000][ M::mem_process_seqs] Processed 1335914 reads in 510.087 CPU sec, 133.275 real sec
[0000] Calling mem_process_seqs.., task: 31
[0000] 1. Calling kt_for - worker_bwt
[0000] read_chunk: 200000000, work_chunk_size: 200000237, nseq: 1336162
	[0000][ M::kt_pipeline] read 1336162 sequences (200000237 bp)...
[0000] 2. Calling kt_for - worker_aln
[0000] 3. Calling kt_for - worker_sam
	[0000][ M::mem_process_seqs] Processed 1336028 reads in 532.142 CPU sec, 147.124 real sec
[0000] Calling mem_process_seqs.., task: 32
[0000] 1. Calling kt_for - worker_bwt
[0000] read_chunk: 200000000, work_chunk_size: 200000132, nseq: 1336216
	[0000][ M::kt_pipeline] read 1336216 sequences (200000132 bp)...
[0000] 2. Calling kt_for - worker_aln
[0000] 3. Calling kt_for - worker_sam
	[0000][ M::mem_process_seqs] Processed 1336162 reads in 573.507 CPU sec, 153.667 real sec
[0000] Calling mem_process_seqs.., task: 33
[0000] 1. Calling kt_for - worker_bwt
[0000] read_chunk: 200000000, work_chunk_size: 200000156, nseq: 1336108
	[0000][ M::kt_pipeline] read 1336108 sequences (200000156 bp)...
[0000] 2. Calling kt_for - worker_aln
[0000] 3. Calling kt_for - worker_sam
	[0000][ M::mem_process_seqs] Processed 1336216 reads in 517.691 CPU sec, 115.758 real sec
[0000] Calling mem_process_seqs.., task: 34
[0000] 1. Calling kt_for - worker_bwt
[0000] read_chunk: 200000000, work_chunk_size: 200000211, nseq: 1336198
	[0000][ M::kt_pipeline] read 1336198 sequences (200000211 bp)...
[0000] 2. Calling kt_for - worker_aln
[0000] 3. Calling kt_for - worker_sam
	[0000][ M::mem_process_seqs] Processed 1336108 reads in 531.397 CPU sec, 114.034 real sec
[0000] Calling mem_process_seqs.., task: 35
[0000] 1. Calling kt_for - worker_bwt
[0000] read_chunk: 200000000, work_chunk_size: 200000238, nseq: 1338194
	[0000][ M::kt_pipeline] read 1338194 sequences (200000238 bp)...
[0000] 2. Calling kt_for - worker_aln
[0000] 3. Calling kt_for - worker_sam
	[0000][ M::mem_process_seqs] Processed 1336198 reads in 520.397 CPU sec, 125.894 real sec
[0000] Reallocating initial memory allocations!!
[0000] Calling mem_process_seqs.., task: 36
[0000] 1. Calling kt_for - worker_bwt
[0000] read_chunk: 200000000, work_chunk_size: 200000121, nseq: 1337154
	[0000][ M::kt_pipeline] read 1337154 sequences (200000121 bp)...
[0000] 2. Calling kt_for - worker_aln
[0000] 3. Calling kt_for - worker_sam
	[0000][ M::mem_process_seqs] Processed 1338194 reads in 568.301 CPU sec, 152.727 real sec
[0000] Calling mem_process_seqs.., task: 37
[0000] 1. Calling kt_for - worker_bwt
[0000] read_chunk: 200000000, work_chunk_size: 200000288, nseq: 1336952
	[0000][ M::kt_pipeline] read 1336952 sequences (200000288 bp)...
[0000] 2. Calling kt_for - worker_aln
[0000] 3. Calling kt_for - worker_sam
	[0000][ M::mem_process_seqs] Processed 1337154 reads in 551.964 CPU sec, 146.200 real sec
[0000] Calling mem_process_seqs.., task: 38
[0000] 1. Calling kt_for - worker_bwt
[0000] read_chunk: 200000000, work_chunk_size: 77212179, nseq: 516238
	[0000][ M::kt_pipeline] read 516238 sequences (77212179 bp)...
[0000] 2. Calling kt_for - worker_aln
[0000] 3. Calling kt_for - worker_sam
	[0000][ M::mem_process_seqs] Processed 1336952 reads in 573.002 CPU sec, 128.615 real sec
[0000] Calling mem_process_seqs.., task: 39
[0000] 1. Calling kt_for - worker_bwt
[0000] read_chunk: 200000000, work_chunk_size: 0, nseq: 0
[0000] 2. Calling kt_for - worker_aln
[0000] 3. Calling kt_for - worker_sam
	[0000][ M::mem_process_seqs] Processed 516238 reads in 243.877 CPU sec, 76.745 real sec
[0000] read_chunk: 200000000, work_chunk_size: 0, nseq: 0
[0000] Computation ends..
No. of OMP threads: 20
Processor is running @2411.068050 MHz
Runtime profile:

	Time taken for main_mem function: 5527.97 sec

	IO times (sec) :
	Reading IO time (reads) avg: 1326.86, (1326.86, 1326.86)
	Writing IO time (SAM) avg: 561.90, (561.90, 561.90)
	Reading IO time (Reference Genome) avg: 61.39, (61.39, 61.39)
	Index read time avg: 80.42, (80.42, 80.42)

	Overall time (sec) (Excluding Index reading time):
	PROCESS() (Total compute time + (read + SAM) IO time) : 5382.87
	MEM_PROCESS_SEQ() (Total compute time (Kernel + SAM)), avg: 5365.22, (5365.22, 5365.22)

	 SAM Processing time (sec):
	--WORKER_SAM avg: 391.29, (391.29, 391.29)

	Kernels' compute time (sec):
	Total kernel (smem+sal+bsw) time avg: 4973.91, (4973.91, 4973.91)
		SMEM compute avg: 2132.18, (2141.61, 2106.36)
		SAL compute avg: 957.71, (978.92, 949.08)
				MEM_SA avg: 569.60, (580.36, 557.51)

		BSW time, avg: 1537.05, (1541.53, 1533.23)

Important parameter settings: 
	BATCH_SIZE: 512
	MAX_SEQ_LEN_REF: 256
	MAX_SEQ_LEN_QER: 128
	MAX_SEQ_LEN8: 128
	SEEDS_PER_READ: 500
	SIMD_WIDTH8 X: 16
	SIMD_WIDTH16 X: 8
	AVG_SEEDS_PER_READ: 64
samblaster: Found            0 of   52617200 (0.000%) total read ids are marked paired yet are unmated.
samblaster: Removed   28486067 of   52617200 (54.138%) total read ids as duplicates.
INFO	2023-05-29 02:07:58	SortSam	Finished reading inputs, merging and writing to output now.
INFO	2023-05-29 02:13:44	SortSam	Wrote    10,000,000 records from a sorting collection.  Elapsed time: 01:31:27s.  Time for last 10,000,000:  342s.  Last read position: chr8:8,235,995
INFO	2023-05-29 02:18:09	SortSam	Wrote    20,000,000 records from a sorting collection.  Elapsed time: 01:35:52s.  Time for last 10,000,000:  265s.  Last read position: chr17:75,835,665
[Mon May 29 02:20:47 CST 2023] picard.sam.SortSam done. Elapsed time: 105.31 minutes.
Runtime.totalMemory()=536870912
