Using GATK jar /home/victor/Project/WES/XXXXXXXXSS/.snakemake/conda/7f54802ed271dfacc5c816169c8171e5_/share/gatk4-4.4.0.0-0/gatk-package-4.4.0.0-local.jar
Running:
    java -Dsamjdk.use_async_io_read_samtools=false -Dsamjdk.use_async_io_write_samtools=true -Dsamjdk.use_async_io_write_tribble=false -Dsamjdk.compression_level=2 -Xmx819M -jar /home/victor/Project/WES/XXXXXXXXSS/.snakemake/conda/7f54802ed271dfacc5c816169c8171e5_/share/gatk4-4.4.0.0-0/gatk-package-4.4.0.0-local.jar BaseRecalibrator --input results/prepared/P1.T.bwa_mem2.cram --reference /home/victor/DataHub/GATK/Homo_sapiens_assembly38.fasta --known-sites /home/victor/DataHub/GATK/Homo_sapiens_assembly38.dbsnp138.vcf.gz --tmp-dir /tmp/tmp66cx3p_r --output results/prepared/P1.T.grp
02:21:18.876 INFO  NativeLibraryLoader - Loading libgkl_compression.so from jar:file:/home/victor/Project/WES/XXXXXXXXSS/.snakemake/conda/7f54802ed271dfacc5c816169c8171e5_/share/gatk4-4.4.0.0-0/gatk-package-4.4.0.0-local.jar!/com/intel/gkl/native/libgkl_compression.so
02:21:19.336 INFO  BaseRecalibrator - ------------------------------------------------------------
02:21:19.344 INFO  BaseRecalibrator - The Genome Analysis Toolkit (GATK) v4.4.0.0
02:21:19.352 INFO  BaseRecalibrator - For support and documentation go to https://software.broadinstitute.org/gatk/
02:21:19.353 INFO  BaseRecalibrator - Executing as victor@shpc-1385-instance-rVoBySAX on Linux v5.15.0-71-generic amd64
02:21:19.353 INFO  BaseRecalibrator - Java runtime: OpenJDK 64-Bit Server VM v17.0.3-internal+0-adhoc..src
02:21:19.354 INFO  BaseRecalibrator - Start Date/Time: May 29, 2023 at 2:21:18 AM CST
02:21:19.354 INFO  BaseRecalibrator - ------------------------------------------------------------
02:21:19.354 INFO  BaseRecalibrator - ------------------------------------------------------------
02:21:19.356 INFO  BaseRecalibrator - HTSJDK Version: 3.0.5
02:21:19.356 INFO  BaseRecalibrator - Picard Version: 3.0.0
02:21:19.367 INFO  BaseRecalibrator - Built for Spark Version: 3.3.1
02:21:19.368 INFO  BaseRecalibrator - HTSJDK Defaults.COMPRESSION_LEVEL : 2
02:21:19.368 INFO  BaseRecalibrator - HTSJDK Defaults.USE_ASYNC_IO_READ_FOR_SAMTOOLS : false
02:21:19.368 INFO  BaseRecalibrator - HTSJDK Defaults.USE_ASYNC_IO_WRITE_FOR_SAMTOOLS : true
02:21:19.368 INFO  BaseRecalibrator - HTSJDK Defaults.USE_ASYNC_IO_WRITE_FOR_TRIBBLE : false
02:21:19.369 INFO  BaseRecalibrator - Deflater: IntelDeflater
02:21:19.369 INFO  BaseRecalibrator - Inflater: IntelInflater
02:21:19.369 INFO  BaseRecalibrator - GCS max retries/reopens: 20
02:21:19.369 INFO  BaseRecalibrator - Requester pays: disabled
02:21:19.391 INFO  BaseRecalibrator - Initializing engine
02:21:21.822 INFO  FeatureManager - Using codec VCFCodec to read file file:///home/victor/DataHub/GATK/Homo_sapiens_assembly38.dbsnp138.vcf.gz
02:21:22.868 INFO  BaseRecalibrator - Done initializing engine
02:21:22.890 INFO  BaseRecalibrationEngine - The covariates being used here: 
02:21:22.891 INFO  BaseRecalibrationEngine - 	ReadGroupCovariate
02:21:22.891 INFO  BaseRecalibrationEngine - 	QualityScoreCovariate
02:21:22.891 INFO  BaseRecalibrationEngine - 	ContextCovariate
02:21:22.891 INFO  BaseRecalibrationEngine - 	CycleCovariate
02:21:23.318 INFO  ProgressMeter - Starting traversal
02:21:23.319 INFO  ProgressMeter -        Current Locus  Elapsed Minutes       Reads Processed     Reads/Minute
02:21:33.543 INFO  ProgressMeter -         chr1:1058444              0.2                 24000         141273.4
02:21:43.571 INFO  ProgressMeter -         chr1:3576650              0.3                146000         432571.2
02:21:53.716 INFO  ProgressMeter -         chr1:7484653              0.5                257000         507303.6
02:22:03.727 INFO  ProgressMeter -        chr1:11294812              0.7                402000         596926.3
02:22:13.740 INFO  ProgressMeter -        chr1:15660877              0.8                544000         647362.2
02:22:23.789 INFO  ProgressMeter -        chr1:18902462              1.0                692000         686632.8
02:22:33.794 INFO  ProgressMeter -        chr1:22589207              1.2                853000         726225.3
02:22:43.799 INFO  ProgressMeter -        chr1:25988364              1.3                981000         731370.9
02:22:54.016 INFO  ProgressMeter -        chr1:28973508              1.5               1125000         744252.7
02:23:04.084 INFO  ProgressMeter -        chr1:32593103              1.7               1251000         744923.7
02:23:14.142 INFO  ProgressMeter -        chr1:36292553              1.8               1384000         749417.9
02:23:24.127 INFO  ProgressMeter -        chr1:39762540              2.0               1508000         748963.2
02:23:34.211 INFO  ProgressMeter -        chr1:43941027              2.2               1674000         767350.2
02:23:44.259 INFO  ProgressMeter -        chr1:48232022              2.3               1846000         785871.9
02:23:54.287 INFO  ProgressMeter -        chr1:54152677              2.5               1987000         789703.8
02:24:04.373 INFO  ProgressMeter -        chr1:61359086              2.7               2113000         787189.4
02:24:14.452 INFO  ProgressMeter -        chr1:67320433              2.9               2225000         780095.0
02:24:24.475 INFO  ProgressMeter -        chr1:75373606              3.0               2318000         767740.3
02:24:34.478 INFO  ProgressMeter -        chr1:82904031              3.2               2398000         752671.9
02:24:44.804 INFO  ProgressMeter -        chr1:89931527              3.4               2515000         748939.1
02:24:54.817 INFO  ProgressMeter -        chr1:94868885              3.5               2618000         742709.1
02:25:04.979 INFO  ProgressMeter -       chr1:103002381              3.7               2713000         734368.0
02:25:15.209 INFO  ProgressMeter -       chr1:109660999              3.9               2822000         730173.8
02:25:25.368 INFO  ProgressMeter -       chr1:113732094              4.0               2940000         728778.1
02:25:35.379 INFO  ProgressMeter -       chr1:119471198              4.2               3072000         731257.4
02:25:45.514 INFO  ProgressMeter -       chr1:146136407              4.4               3161000         723357.5
02:25:55.535 INFO  ProgressMeter -       chr1:150927930              4.5               3276000         722076.3
02:26:05.776 INFO  ProgressMeter -       chr1:154008111              4.7               3450000         732854.9
02:26:15.800 INFO  ProgressMeter -       chr1:156646968              4.9               3640000         746715.2
02:26:25.824 INFO  ProgressMeter -       chr1:160231875              5.0               3806000         754896.6
02:26:35.829 INFO  ProgressMeter -       chr1:165213791              5.2               3946000         757610.2
02:26:46.382 INFO  ProgressMeter -       chr1:170719711              5.4               4067000         755334.9
02:26:56.476 INFO  ProgressMeter -       chr1:176477448              5.6               4186000         753881.1
02:27:06.488 INFO  ProgressMeter -       chr1:181326775              5.7               4301000         751991.0
02:27:16.512 INFO  ProgressMeter -       chr1:187152547              5.9               4452000         756302.5
02:27:26.517 INFO  ProgressMeter -       chr1:197102554              6.1               4529000         748189.0
02:27:36.723 INFO  ProgressMeter -       chr1:202602809              6.2               4682000         752323.9
02:27:46.740 INFO  ProgressMeter -       chr1:206012251              6.4               4838000         757085.0
02:27:56.769 INFO  ProgressMeter -       chr1:210238115              6.6               4956000         755777.8
02:28:06.866 INFO  ProgressMeter -       chr1:216321922              6.7               5076000         754707.6
02:28:16.892 INFO  ProgressMeter -       chr1:223312308              6.9               5182000         751789.9
02:28:26.924 INFO  ProgressMeter -       chr1:228174622              7.1               5317000         753107.3
02:28:36.956 INFO  ProgressMeter -       chr1:233659255              7.2               5476000         757684.4
02:28:47.031 INFO  ProgressMeter -       chr1:238157415              7.4               5595000         756571.8
02:28:57.055 INFO  ProgressMeter -       chr1:245930173              7.6               5688000         752155.4
02:29:07.066 INFO  ProgressMeter -         chr2:2805609              7.7               5814000         752220.5
02:29:17.159 INFO  ProgressMeter -         chr2:9765836              7.9               5913000         748735.3
02:29:27.329 INFO  ProgressMeter -        chr2:15988218              8.1               6023000         746637.5
02:29:37.385 INFO  ProgressMeter -        chr2:23706502              8.2               6130000         744435.0
02:29:47.495 INFO  ProgressMeter -        chr2:27023590              8.4               6251000         743908.4
02:29:57.544 INFO  ProgressMeter -        chr2:31235009              8.6               6425000         749671.8
02:30:07.673 INFO  ProgressMeter -        chr2:38453337              8.7               6555000         750067.2
02:30:17.695 INFO  ProgressMeter -        chr2:45085505              8.9               6682000         750258.2
02:30:27.858 INFO  ProgressMeter -        chr2:52333010              9.1               6786000         747715.0
02:30:37.913 INFO  ProgressMeter -        chr2:60460670              9.2               6893000         745736.1
02:30:48.030 INFO  ProgressMeter -        chr2:68380702              9.4               7030000         746941.3
02:30:58.051 INFO  ProgressMeter -        chr2:73573364              9.6               7180000         749566.8
02:31:08.097 INFO  ProgressMeter -        chr2:80419503              9.7               7307000         749721.7
02:31:18.166 INFO  ProgressMeter -        chr2:87052887              9.9               7427000         749135.1
02:31:28.178 INFO  ProgressMeter -        chr2:96986164             10.1               7592000         753102.4
02:31:38.193 INFO  ProgressMeter -       chr2:103230936             10.2               7751000         756351.3
02:31:48.214 INFO  ProgressMeter -       chr2:110779170             10.4               7862000         754878.8
02:31:58.383 INFO  ProgressMeter -       chr2:117939043             10.6               7974000         753372.9
02:32:08.451 INFO  ProgressMeter -       chr2:123929476             10.8               8072000         750730.1
02:32:18.469 INFO  ProgressMeter -       chr2:130075106             10.9               8177000         748867.8
02:32:28.591 INFO  ProgressMeter -       chr2:134868967             11.1               8271000         745951.6
02:32:38.632 INFO  ProgressMeter -       chr2:142476636             11.3               8371000         743744.0
02:32:48.752 INFO  ProgressMeter -       chr2:151001293             11.4               8446000         739328.3
02:32:58.798 INFO  ProgressMeter -       chr2:157162811             11.6               8537000         736503.8
02:33:08.825 INFO  ProgressMeter -       chr2:164547675             11.8               8658000         736322.6
02:33:18.850 INFO  ProgressMeter -       chr2:170217347             11.9               8776000         735902.1
02:33:28.915 INFO  ProgressMeter -       chr2:176806292             12.1               8905000         736361.2
02:33:38.954 INFO  ProgressMeter -       chr2:181677759             12.3               9055000         738546.6
02:33:48.992 INFO  ProgressMeter -       chr2:190250392             12.4               9172000         738018.9
02:33:59.107 INFO  ProgressMeter -       chr2:198542629             12.6               9290000         737509.4
02:34:09.127 INFO  ProgressMeter -       chr2:205104329             12.8               9434000         739141.8
02:34:19.372 INFO  ProgressMeter -       chr2:212590777             12.9               9577000         740440.1
02:34:29.505 INFO  ProgressMeter -       chr2:218662512             13.1               9716000         741504.9
02:34:39.529 INFO  ProgressMeter -       chr2:223776365             13.3               9872000         743925.3
02:34:49.770 INFO  ProgressMeter -       chr2:230177653             13.4               9985000         742889.2
02:34:59.796 INFO  ProgressMeter -       chr2:233204096             13.6              10096000         741920.2
02:35:09.827 INFO  ProgressMeter -       chr2:238130091             13.8              10239000         743295.9
02:35:19.958 INFO  ProgressMeter -          chr3:791613             13.9              10395000         745482.8
02:35:29.979 INFO  ProgressMeter -         chr3:8548877             14.1              10484000         742966.5
02:35:39.995 INFO  ProgressMeter -        chr3:12901513             14.3              10642000         745346.0
02:35:50.058 INFO  ProgressMeter -        chr3:19975298             14.4              10796000         747367.7
02:36:00.186 INFO  ProgressMeter -        chr3:29290440             14.6              10890000         745152.9
02:36:10.233 INFO  ProgressMeter -        chr3:36237381             14.8              10989000         743409.2
02:36:20.356 INFO  ProgressMeter -        chr3:41310749             15.0              11148000         745654.9
02:36:30.411 INFO  ProgressMeter -        chr3:46580082             15.1              11300000         747443.5
02:36:40.434 INFO  ProgressMeter -        chr3:49299634             15.3              11499000         752293.9
02:36:50.449 INFO  ProgressMeter -        chr3:52198562             15.5              11675000         755557.5
02:37:00.511 INFO  ProgressMeter -        chr3:55901379             15.6              11826000         757113.5
02:37:10.518 INFO  ProgressMeter -        chr3:62331339             15.8              11946000         756715.3
02:37:20.580 INFO  ProgressMeter -        chr3:69549833             16.0              12055000         755593.3
02:37:30.653 INFO  ProgressMeter -        chr3:76738335             16.1              12138000         752874.1
02:37:40.678 INFO  ProgressMeter -        chr3:87653677             16.3              12211000         749633.2
02:37:50.761 INFO  ProgressMeter -        chr3:99183859             16.5              12297000         747203.4
02:38:00.790 INFO  ProgressMeter -       chr3:108213952             16.6              12406000         746248.0
02:38:10.997 INFO  ProgressMeter -       chr3:116165292             16.8              12552000         747381.6
02:38:21.048 INFO  ProgressMeter -       chr3:123620229             17.0              12706000         749079.6
02:38:31.064 INFO  ProgressMeter -       chr3:129396415             17.1              12889000         752462.9
02:38:41.126 INFO  ProgressMeter -       chr3:136607947             17.3              13061000         755112.2
02:38:51.200 INFO  ProgressMeter -       chr3:145242637             17.5              13213000         756555.4
02:39:01.248 INFO  ProgressMeter -       chr3:155064651             17.6              13341000         756629.2
02:39:11.264 INFO  ProgressMeter -       chr3:163562023             17.8              13450000         755662.6
02:39:21.289 INFO  ProgressMeter -       chr3:172136368             18.0              13557000         754585.7
02:39:31.345 INFO  ProgressMeter -       chr3:180075192             18.1              13647000         752575.3
02:39:41.356 INFO  ProgressMeter -       chr3:185598102             18.3              13800000         754075.0
02:39:51.396 INFO  ProgressMeter -       chr3:191357883             18.5              13899000         752601.8
02:40:01.438 INFO  ProgressMeter -       chr3:197701007             18.6              14031000         752925.9
02:40:11.459 INFO  ProgressMeter -         chr4:3417463             18.8              14205000         755492.0
02:40:21.467 INFO  ProgressMeter -         chr4:8449634             19.0              14348000         756387.4
02:40:31.468 INFO  ProgressMeter -        chr4:17577600             19.1              14473000         756331.1
02:40:41.471 INFO  ProgressMeter -        chr4:27067693             19.3              14592000         755963.6
02:40:51.483 INFO  ProgressMeter -        chr4:38773309             19.5              14679000         753952.4
02:41:01.544 INFO  ProgressMeter -        chr4:45689292             19.6              14797000         753523.9
02:41:11.566 INFO  ProgressMeter -        chr4:55105777             19.8              14912000         752975.4
02:41:21.764 INFO  ProgressMeter -        chr4:65694001             20.0              15011000         751524.5
02:41:31.777 INFO  ProgressMeter -        chr4:73146728             20.1              15117000         750560.4
02:41:41.857 INFO  ProgressMeter -        chr4:79682853             20.3              15248000         750801.4
02:41:51.906 INFO  ProgressMeter -        chr4:88479310             20.5              15397000         751937.6
02:42:01.953 INFO  ProgressMeter -        chr4:99568267             20.6              15515000         751554.3
02:42:12.008 INFO  ProgressMeter -       chr4:109183712             20.8              15648000         751893.2
02:42:22.139 INFO  ProgressMeter -       chr4:119409450             21.0              15789000         752562.5
02:42:32.184 INFO  ProgressMeter -       chr4:129041958             21.1              15918000         752704.8
02:42:42.231 INFO  ProgressMeter -       chr4:141132411             21.3              16022000         751670.8
02:42:52.276 INFO  ProgressMeter -       chr4:150388342             21.5              16138000         751212.6
02:43:02.303 INFO  ProgressMeter -       chr4:158896919             21.6              16274000         751695.7
02:43:12.322 INFO  ProgressMeter -       chr4:166706428             21.8              16349000         749380.1
02:43:22.356 INFO  ProgressMeter -       chr4:176150436             22.0              16450000         748273.7
02:43:32.373 INFO  ProgressMeter -       chr4:185418675             22.2              16564000         747780.6
02:43:42.437 INFO  ProgressMeter -         chr5:2125175             22.3              16694000         747984.9
02:43:52.507 INFO  ProgressMeter -        chr5:10711200             22.5              16812000         747650.3
02:44:02.727 INFO  ProgressMeter -        chr5:18825246             22.7              16919000         746751.5
02:44:12.736 INFO  ProgressMeter -        chr5:31847707             22.8              17010000         745281.2
02:44:22.803 INFO  ProgressMeter -        chr5:38259315             23.0              17145000         745713.6
02:44:32.865 INFO  ProgressMeter -        chr5:50738921             23.2              17267000         745581.7
02:44:42.992 INFO  ProgressMeter -        chr5:59487965             23.3              17391000         745504.3
02:44:53.026 INFO  ProgressMeter -        chr5:66916815             23.5              17487000         744282.9
02:45:03.278 INFO  ProgressMeter -        chr5:76597253             23.7              17617000         744406.0
02:45:13.332 INFO  ProgressMeter -        chr5:83652758             23.8              17753000         744874.9
02:45:23.360 INFO  ProgressMeter -        chr5:95509518             24.0              17864000         744312.7
02:45:33.407 INFO  ProgressMeter -       chr5:105795509             24.2              17970000         743554.9
02:45:43.398 INFO  ProgressMeter -       chr5:113276747             24.3              18054000         741905.6
02:45:53.589 INFO  ProgressMeter -       chr5:120457195             24.5              18137000         740149.8
02:46:03.812 INFO  ProgressMeter -       chr5:129694677             24.7              18256000         739861.7
02:46:14.106 INFO  ProgressMeter -       chr5:136797239             24.8              18415000         741152.7
02:46:24.133 INFO  ProgressMeter -       chr5:141331685             25.0              18608000         743916.8
02:46:34.204 INFO  ProgressMeter -       chr5:149007118             25.2              18787000         746066.5
02:46:44.283 INFO  ProgressMeter -       chr5:154337979             25.3              18955000         747749.5
02:46:54.314 INFO  ProgressMeter -       chr5:162172858             25.5              19097000         748415.7
02:47:04.345 INFO  ProgressMeter -       chr5:170782514             25.7              19207000         747834.7
02:47:14.343 INFO  ProgressMeter -       chr5:177304890             25.9              19365000         749118.5
02:47:24.381 INFO  ProgressMeter -       chr5:181260670             26.0              19531000         750681.3
02:47:34.433 INFO  ProgressMeter -         chr6:6458761             26.2              19638000         749964.7
02:47:44.528 INFO  ProgressMeter -        chr6:13058597             26.4              19751000         749465.0
02:47:54.625 INFO  ProgressMeter -        chr6:21419503             26.5              19873000         749309.5
02:48:04.709 INFO  ProgressMeter -        chr6:28228177             26.7              20040000         750848.2
02:48:14.748 INFO  ProgressMeter -        chr6:35938313             26.9              20160000         750638.1
02:48:24.762 INFO  ProgressMeter -        chr6:41159726             27.0              20315000         751737.8
02:48:34.825 INFO  ProgressMeter -        chr6:45431828             27.2              20519000         754603.4
02:48:44.842 INFO  ProgressMeter -        chr6:53011843             27.4              20652000         754860.0
02:48:54.852 INFO  ProgressMeter -        chr6:64439107             27.5              20781000         754971.7
02:49:04.872 INFO  ProgressMeter -        chr6:73697288             27.7              20879000         753957.7
02:49:14.918 INFO  ProgressMeter -        chr6:83554134             27.9              20994000         753554.4
02:49:24.958 INFO  ProgressMeter -        chr6:92644481             28.0              21129000         753872.1
02:49:34.972 INFO  ProgressMeter -       chr6:104989591             28.2              21231000         753027.2
02:49:44.976 INFO  ProgressMeter -       chr6:111484794             28.4              21370000         753501.3
02:49:55.006 INFO  ProgressMeter -       chr6:122458525             28.5              21507000         753887.8
02:50:05.017 INFO  ProgressMeter -       chr6:131878474             28.7              21624000         753581.6
02:50:15.044 INFO  ProgressMeter -       chr6:139625700             28.9              21768000         754207.9
02:50:25.288 INFO  ProgressMeter -       chr6:148831531             29.0              21890000         753974.4
02:50:35.291 INFO  ProgressMeter -       chr6:155211181             29.2              22035000         754635.8
02:50:45.471 INFO  ProgressMeter -       chr6:161550106             29.4              22190000         755554.7
02:50:55.656 INFO  ProgressMeter -       chr6:169398780             29.5              22310000         755274.4
02:51:05.745 INFO  ProgressMeter -         chr7:4006822             29.7              22454000         755846.2
02:51:15.802 INFO  ProgressMeter -         chr7:8647331             29.9              22596000         756358.6
02:51:25.952 INFO  ProgressMeter -        chr7:18829439             30.0              22699000         755528.2
02:51:36.350 INFO  ProgressMeter -        chr7:26718116             30.2              22827000         755431.5
02:51:46.373 INFO  ProgressMeter -        chr7:33942237             30.4              22971000         756017.5
02:51:56.403 INFO  ProgressMeter -        chr7:42479254             30.6              23105000         756266.9
02:52:06.427 INFO  ProgressMeter -        chr7:48756716             30.7              23284000         757981.0
02:52:16.534 INFO  ProgressMeter -        chr7:56851834             30.9              23399000         757570.4
02:52:26.608 INFO  ProgressMeter -        chr7:67979140             31.1              23524000         757499.6
02:52:36.735 INFO  ProgressMeter -        chr7:74373019             31.2              23651000         757472.3
02:52:46.752 INFO  ProgressMeter -        chr7:81743555             31.4              23779000         757521.0
02:52:56.861 INFO  ProgressMeter -        chr7:91652061             31.6              23901000         757343.0
02:53:06.923 INFO  ProgressMeter -        chr7:98515699             31.7              24035000         757564.2
02:53:16.924 INFO  ProgressMeter -       chr7:101034023             31.9              24230000         759718.3
02:53:27.019 INFO  ProgressMeter -       chr7:106905098             32.1              24386000         760598.0
02:53:37.056 INFO  ProgressMeter -       chr7:117278032             32.2              24525000         760962.2
02:53:47.202 INFO  ProgressMeter -       chr7:128248191             32.4              24663000         761249.9
02:53:57.230 INFO  ProgressMeter -       chr7:134902537             32.6              24837000         762685.7
02:54:07.306 INFO  ProgressMeter -       chr7:141521179             32.7              24992000         763508.1
02:54:17.323 INFO  ProgressMeter -       chr7:149784867             32.9              25127000         763737.4
02:54:27.370 INFO  ProgressMeter -       chr7:155226219             33.1              25295000         764950.5
02:54:37.417 INFO  ProgressMeter -         chr8:4104039             33.2              25415000         764707.0
02:54:47.436 INFO  ProgressMeter -        chr8:11984491             33.4              25533000         764416.4
02:54:57.453 INFO  ProgressMeter -        chr8:20249821             33.6              25651000         764129.9
02:55:07.469 INFO  ProgressMeter -        chr8:26643927             33.7              25820000         765358.3
02:55:17.504 INFO  ProgressMeter -        chr8:34422057             33.9              25969000         765977.5
02:55:27.527 INFO  ProgressMeter -        chr8:42659829             34.1              26130000         766947.4
02:55:37.540 INFO  ProgressMeter -        chr8:52565007             34.2              26242000         766480.3
02:55:47.633 INFO  ProgressMeter -        chr8:59761278             34.4              26341000         765610.3
02:55:57.637 INFO  ProgressMeter -        chr8:69672994             34.6              26485000         766083.1
02:56:07.644 INFO  ProgressMeter -        chr8:80431348             34.7              26612000         766061.3
02:56:17.671 INFO  ProgressMeter -        chr8:90036946             34.9              26715000         765344.1
02:56:27.705 INFO  ProgressMeter -        chr8:99274173             35.1              26859000         765800.6
02:56:37.724 INFO  ProgressMeter -       chr8:107887799             35.2              26993000         765974.7
02:56:48.004 INFO  ProgressMeter -       chr8:118252715             35.4              27096000         765177.0
02:56:58.030 INFO  ProgressMeter -       chr8:124938135             35.6              27216000         764956.4
02:57:08.104 INFO  ProgressMeter -       chr8:132099970             35.7              27303000         763796.8
02:57:18.127 INFO  ProgressMeter -       chr8:139000600             35.9              27415000         763362.7
02:57:28.129 INFO  ProgressMeter -       chr8:143839167             36.1              27528000         762967.7
02:57:38.158 INFO  ProgressMeter -         chr9:3257209             36.2              27692000         763973.8
02:57:48.286 INFO  ProgressMeter -        chr9:11268762             36.4              27795000         763261.0
02:57:58.333 INFO  ProgressMeter -        chr9:18777560             36.6              27887000         762282.5
02:58:08.380 INFO  ProgressMeter -        chr9:27062662             36.8              27986000         761502.7
02:58:18.393 INFO  ProgressMeter -        chr9:34371221             36.9              28101000         761175.8
02:58:28.443 INFO  ProgressMeter -        chr9:37854685             37.1              28268000         762240.7
02:58:38.452 INFO  ProgressMeter -        chr9:69205209             37.3              28351000         761055.7
02:58:48.458 INFO  ProgressMeter -        chr9:77176078             37.4              28471000         760870.8
02:58:58.542 INFO  ProgressMeter -        chr9:85996352             37.6              28592000         760687.5
02:59:08.595 INFO  ProgressMeter -        chr9:90957186             37.8              28684000         759748.8
02:59:18.601 INFO  ProgressMeter -        chr9:96012883             37.9              28817000         759914.6
02:59:28.607 INFO  ProgressMeter -       chr9:103952878             38.1              28965000         760473.1
02:59:38.689 INFO  ProgressMeter -       chr9:110486979             38.3              29087000         760322.2
02:59:48.691 INFO  ProgressMeter -       chr9:116595557             38.4              29248000         761213.7
02:59:58.782 INFO  ProgressMeter -       chr9:123609833             38.6              29392000         761627.7
03:00:08.809 INFO  ProgressMeter -       chr9:128248783             38.8              29549000         762394.5
03:00:18.975 INFO  ProgressMeter -       chr9:131566395             38.9              29744000         764085.4
03:00:29.136 INFO  ProgressMeter -       chr9:134991096             39.1              29891000         764535.7
03:00:39.162 INFO  ProgressMeter -       chr9:137449928             39.3              30058000         765534.9
03:00:49.222 INFO  ProgressMeter -        chr10:3496458             39.4              30166000         765021.6
03:00:59.268 INFO  ProgressMeter -        chr10:8602858             39.6              30272000         764461.2
03:01:09.340 INFO  ProgressMeter -       chr10:14695805             39.8              30369000         763673.4
03:01:19.447 INFO  ProgressMeter -       chr10:19505210             39.9              30471000         763006.0
03:01:29.476 INFO  ProgressMeter -       chr10:26778941             40.1              30587000         762718.6
03:01:39.550 INFO  ProgressMeter -       chr10:34278087             40.3              30724000         762940.6
03:01:49.582 INFO  ProgressMeter -       chr10:43825864             40.4              30834000         762506.3
03:01:59.617 INFO  ProgressMeter -       chr10:49992572             40.6              30971000         762739.5
03:02:09.695 INFO  ProgressMeter -       chr10:59792691             40.8              31066000         761927.3
03:02:19.709 INFO  ProgressMeter -       chr10:68306690             40.9              31174000         761458.9
03:02:29.751 INFO  ProgressMeter -       chr10:72328537             41.1              31325000         762032.3
03:02:39.760 INFO  ProgressMeter -       chr10:79224700             41.3              31485000         762828.9
03:02:49.770 INFO  ProgressMeter -       chr10:86499905             41.4              31591000         762315.8
03:02:59.870 INFO  ProgressMeter -       chr10:94048820             41.6              31753000         763125.1
03:03:09.937 INFO  ProgressMeter -       chr10:99232478             41.8              31913000         763890.1
03:03:19.968 INFO  ProgressMeter -      chr10:102861412             41.9              32079000         764802.7
03:03:30.194 INFO  ProgressMeter -      chr10:109115636             42.1              32185000         764224.9
03:03:40.230 INFO  ProgressMeter -      chr10:115944670             42.3              32316000         764299.9
03:03:50.271 INFO  ProgressMeter -      chr10:121034251             42.4              32423000         763807.4
03:04:00.318 INFO  ProgressMeter -      chr10:126905444             42.6              32563000         764093.1
03:04:10.376 INFO  ProgressMeter -      chr10:132708106             42.8              32673000         763668.6
03:04:20.381 INFO  ProgressMeter -        chr11:1942512             43.0              32831000         764382.7
03:04:30.410 INFO  ProgressMeter -        chr11:6091176             43.1              32967000         764573.3
03:04:40.442 INFO  ProgressMeter -       chr11:10286026             43.3              33131000         765408.8
03:04:50.473 INFO  ProgressMeter -       chr11:17348378             43.5              33266000         765570.7
03:05:00.590 INFO  ProgressMeter -       chr11:22737588             43.6              33407000         765843.8
03:05:10.639 INFO  ProgressMeter -       chr11:32539901             43.8              33502000         765084.1
03:05:20.805 INFO  ProgressMeter -       chr11:40076473             44.0              33621000         764842.0
03:05:30.854 INFO  ProgressMeter -       chr11:46644428             44.1              33738000         764593.1
03:05:40.852 INFO  ProgressMeter -       chr11:50492497             44.3              33874000         764784.8
03:05:50.891 INFO  ProgressMeter -       chr11:58905482             44.5              33985000         764403.0
03:06:00.930 INFO  ProgressMeter -       chr11:62611522             44.6              34164000         765548.4
03:06:10.959 INFO  ProgressMeter -       chr11:64860390             44.8              34318000         766132.0
03:06:20.956 INFO  ProgressMeter -       chr11:66687846             45.0              34497000         767271.5
03:06:31.026 INFO  ProgressMeter -       chr11:70382040             45.1              34660000         768030.2
03:06:41.055 INFO  ProgressMeter -       chr11:75088869             45.3              34843000         769236.1
03:06:51.087 INFO  ProgressMeter -       chr11:80880214             45.5              34985000         769530.3
03:07:01.122 INFO  ProgressMeter -       chr11:89355006             45.6              35093000         769076.5
03:07:11.132 INFO  ProgressMeter -       chr11:97295285             45.8              35218000         769004.6
03:07:21.134 INFO  ProgressMeter -      chr11:105031119             46.0              35320000         768434.4
03:07:31.175 INFO  ProgressMeter -      chr11:111330521             46.1              35418000         767771.4
03:07:41.240 INFO  ProgressMeter -      chr11:117187431             46.3              35567000         768207.6
03:07:51.257 INFO  ProgressMeter -      chr11:120200206             46.5              35743000         769235.5
03:08:01.279 INFO  ProgressMeter -      chr11:126121237             46.6              35923000         770339.8
03:08:11.378 INFO  ProgressMeter -      chr11:132669990             46.8              36050000         770283.0
03:08:21.441 INFO  ProgressMeter -        chr12:2855100             47.0              36194000         770598.6
03:08:31.487 INFO  ProgressMeter -        chr12:6943614             47.1              36362000         771425.4
03:08:41.514 INFO  ProgressMeter -       chr12:12094853             47.3              36516000         771955.4
03:08:51.667 INFO  ProgressMeter -       chr12:19720553             47.5              36640000         771815.8
03:09:01.690 INFO  ProgressMeter -       chr12:26963593             47.6              36744000         771292.5
03:09:11.739 INFO  ProgressMeter -       chr12:37663142             47.8              36869000         771205.1
03:09:21.761 INFO  ProgressMeter -       chr12:45301926             48.0              36992000         771083.8
03:09:31.787 INFO  ProgressMeter -       chr12:49801824             48.1              37171000         772125.6
03:09:41.788 INFO  ProgressMeter -       chr12:52951642             48.3              37340000         772959.8
03:09:51.810 INFO  ProgressMeter -       chr12:56087638             48.5              37505000         773700.4
03:10:01.819 INFO  ProgressMeter -       chr12:59343801             48.6              37701000         775076.2
03:10:11.880 INFO  ProgressMeter -       chr12:67295069             48.8              37809000         774626.2
03:10:22.076 INFO  ProgressMeter -       chr12:74966623             49.0              37922000         774245.7
03:10:32.137 INFO  ProgressMeter -       chr12:82898502             49.1              38031000         773822.2
03:10:42.211 INFO  ProgressMeter -       chr12:93239788             49.3              38128000         773154.3
03:10:52.228 INFO  ProgressMeter -      chr12:101097773             49.5              38277000         773557.1
03:11:02.230 INFO  ProgressMeter -      chr12:106720789             49.6              38408000         773598.4
03:11:12.342 INFO  ProgressMeter -      chr12:111002295             49.8              38560000         774032.4
03:11:22.393 INFO  ProgressMeter -      chr12:115548663             50.0              38708000         774399.0
03:11:32.412 INFO  ProgressMeter -      chr12:120953094             50.2              38859000         774831.5
03:11:42.415 INFO  ProgressMeter -      chr12:124795148             50.3              39030000         775662.6
03:11:52.439 INFO  ProgressMeter -      chr12:130991002             50.5              39123000         774937.9
03:12:02.459 INFO  ProgressMeter -       chr13:19178123             50.7              39244000         774772.1
03:12:12.483 INFO  ProgressMeter -       chr13:24799399             50.8              39366000         774625.4
03:12:22.514 INFO  ProgressMeter -       chr13:30528876             51.0              39477000         774262.5
03:12:32.752 INFO  ProgressMeter -       chr13:38003426             51.2              39608000         774240.7
03:12:42.806 INFO  ProgressMeter -       chr13:45283942             51.3              39728000         774051.3
03:12:52.839 INFO  ProgressMeter -       chr13:51968384             51.5              39859000         774081.4
03:13:02.887 INFO  ProgressMeter -       chr13:63583827             51.7              39954000         773411.0
03:13:12.975 INFO  ProgressMeter -       chr13:74651600             51.8              40030000         772368.4
03:13:23.004 INFO  ProgressMeter -       chr13:84823271             52.0              40134000         771885.6
03:13:33.384 INFO  ProgressMeter -       chr13:95423599             52.2              40213000         770840.2
03:13:43.393 INFO  ProgressMeter -      chr13:101376710             52.3              40327000         770561.5
03:13:53.396 INFO  ProgressMeter -      chr13:108945905             52.5              40411000         769714.8
03:14:03.396 INFO  ProgressMeter -      chr13:113548431             52.7              40529000         769519.5
03:14:13.405 INFO  ProgressMeter -       chr14:22272270             52.8              40694000         770212.8
03:14:23.414 INFO  ProgressMeter -       chr14:24375854             53.0              40877000         771241.1
03:14:33.446 INFO  ProgressMeter -       chr14:34316012             53.2              40998000         771091.8
03:14:43.666 INFO  ProgressMeter -       chr14:40570423             53.3              41095000         770447.7
03:14:53.690 INFO  ProgressMeter -       chr14:49406573             53.5              41161000         769275.8
03:15:03.803 INFO  ProgressMeter -       chr14:55123426             53.7              41295000         769356.4
03:15:13.803 INFO  ProgressMeter -       chr14:61176141             53.8              41409000         769092.2
03:15:23.812 INFO  ProgressMeter -       chr14:67411949             54.0              41546000         769253.3
03:15:33.846 INFO  ProgressMeter -       chr14:73658853             54.2              41715000         769998.2
03:15:43.982 INFO  ProgressMeter -       chr14:77098041             54.3              41848000         770054.1
03:15:54.096 INFO  ProgressMeter -       chr14:84028174             54.5              41949000         769523.8
03:16:04.103 INFO  ProgressMeter -       chr14:91281147             54.7              42056000         769133.2
03:16:14.141 INFO  ProgressMeter -       chr14:96478446             54.8              42159000         768665.3
03:16:24.177 INFO  ProgressMeter -      chr14:102349108             55.0              42306000         769000.3
03:16:34.243 INFO  ProgressMeter -       chr15:19865756             55.2              42458000         769416.9
03:16:44.288 INFO  ProgressMeter -       chr15:29126355             55.3              42582000         769329.7
03:16:54.437 INFO  ProgressMeter -       chr15:39235731             55.5              42698000         769075.1
03:17:04.449 INFO  ProgressMeter -       chr15:42545302             55.7              42892000         770254.4
03:17:14.485 INFO  ProgressMeter -       chr15:47581086             55.9              43057000         770901.8
03:17:24.531 INFO  ProgressMeter -       chr15:54090853             56.0              43213000         771382.5
03:17:34.597 INFO  ProgressMeter -       chr15:60561728             56.2              43340000         771339.8
03:17:44.677 INFO  ProgressMeter -       chr15:64820988             56.4              43453000         771045.2
03:17:54.729 INFO  ProgressMeter -       chr15:70046324             56.5              43605000         771450.0
03:18:04.786 INFO  ProgressMeter -       chr15:74818739             56.7              43759000         771884.6
03:18:14.812 INFO  ProgressMeter -       chr15:78752071             56.9              43906000         772201.5
03:18:24.851 INFO  ProgressMeter -       chr15:83243427             57.0              44016000         771865.0
03:18:34.855 INFO  ProgressMeter -       chr15:89303758             57.2              44147000         771905.1
03:18:44.883 INFO  ProgressMeter -       chr15:94478887             57.4              44301000         772340.7
03:18:54.920 INFO  ProgressMeter -      chr15:101286785             57.5              44405000         771902.7
03:19:04.987 INFO  ProgressMeter -        chr16:1944720             57.7              44586000         772795.1
03:19:15.046 INFO  ProgressMeter -        chr16:4760415             57.9              44775000         773822.4
03:19:25.064 INFO  ProgressMeter -        chr16:9764347             58.0              44865000         773146.8
03:19:35.189 INFO  ProgressMeter -       chr16:17778170             58.2              44980000         772881.0
03:19:45.345 INFO  ProgressMeter -       chr16:21812258             58.4              45106000         772798.6
03:19:55.370 INFO  ProgressMeter -       chr16:27163378             58.5              45241000         772898.8
03:20:05.384 INFO  ProgressMeter -       chr16:30481603             58.7              45398000         773376.1
03:20:15.431 INFO  ProgressMeter -       chr16:46604111             58.9              45555000         773843.2
03:20:25.449 INFO  ProgressMeter -       chr16:53519223             59.0              45702000         774144.4
03:20:35.577 INFO  ProgressMeter -       chr16:58013197             59.2              45858000         774572.1
03:20:45.582 INFO  ProgressMeter -       chr16:66932717             59.4              45974000         774351.5
03:20:55.613 INFO  ProgressMeter -       chr16:70049097             59.5              46162000         775333.9
03:21:05.630 INFO  ProgressMeter -       chr16:74607049             59.7              46308000         775611.3
03:21:15.699 INFO  ProgressMeter -       chr16:79240845             59.9              46398000         774940.3
03:21:25.938 INFO  ProgressMeter -       chr16:84587978             60.0              46517000         774719.7
03:21:35.943 INFO  ProgressMeter -       chr16:88814946             60.2              46649000         774766.7
03:21:45.973 INFO  ProgressMeter -        chr17:2998137             60.4              46819000         775437.0
03:21:55.994 INFO  ProgressMeter -        chr17:5434973             60.5              46980000         775957.1
03:22:06.013 INFO  ProgressMeter -        chr17:8003665             60.7              47157000         776738.3
03:22:16.051 INFO  ProgressMeter -       chr17:11598594             60.9              47306000         777051.5
03:22:26.056 INFO  ProgressMeter -       chr17:16988484             61.0              47423000         776845.5
03:22:36.087 INFO  ProgressMeter -       chr17:20998320             61.2              47594000         777517.1
03:22:46.249 INFO  ProgressMeter -       chr17:29344324             61.4              47757000         778027.3
03:22:56.270 INFO  ProgressMeter -       chr17:33291473             61.5              47887000         778028.4
03:23:06.346 INFO  ProgressMeter -       chr17:39906909             61.7              48019000         778050.2
03:23:16.468 INFO  ProgressMeter -       chr17:42563229             61.9              48176000         778466.8
03:23:26.486 INFO  ProgressMeter -       chr17:45274181             62.1              48368000         779465.6
03:23:36.513 INFO  ProgressMeter -       chr17:50380282             62.2              48527000         779927.3
03:23:46.751 INFO  ProgressMeter -       chr17:57224545             62.4              48657000         779877.9
03:23:56.763 INFO  ProgressMeter -       chr17:62423868             62.6              48821000         780419.5
03:24:06.999 INFO  ProgressMeter -       chr17:67669479             62.7              48990000         780990.9
03:24:17.032 INFO  ProgressMeter -       chr17:73676761             62.9              49112000         780854.3
03:24:27.058 INFO  ProgressMeter -       chr17:76080407             63.1              49281000         781465.1
03:24:37.257 INFO  ProgressMeter -       chr17:79735208             63.2              49435000         781800.2
03:24:47.283 INFO  ProgressMeter -       chr17:82084301             63.4              49597000         782294.5
03:24:57.368 INFO  ProgressMeter -        chr18:4826291             63.6              49730000         782318.2
03:25:07.458 INFO  ProgressMeter -       chr18:11155734             63.7              49855000         782215.5
03:25:17.514 INFO  ProgressMeter -       chr18:21485748             63.9              49958000         781775.8
03:25:27.551 INFO  ProgressMeter -       chr18:29333247             64.1              50093000         781841.5
03:25:37.559 INFO  ProgressMeter -       chr18:37084177             64.2              50223000         781835.1
03:25:47.568 INFO  ProgressMeter -       chr18:46686232             64.4              50327000         781424.8
03:25:57.611 INFO  ProgressMeter -       chr18:53896064             64.6              50438000         781118.2
03:26:07.722 INFO  ProgressMeter -       chr18:61432747             64.7              50548000         780784.1
03:26:17.724 INFO  ProgressMeter -       chr18:70057776             64.9              50645000         780273.2
03:26:27.867 INFO  ProgressMeter -       chr18:77816147             65.1              50744000         779767.6
03:26:37.978 INFO  ProgressMeter -        chr19:1660133             65.2              50878000         779807.6
03:26:48.170 INFO  ProgressMeter -        chr19:4330064             65.4              51047000         780367.3
03:26:58.247 INFO  ProgressMeter -        chr19:7622525             65.6              51242000         781340.9
03:27:08.249 INFO  ProgressMeter -       chr19:10848464             65.7              51493000         783177.4
03:27:18.254 INFO  ProgressMeter -       chr19:14402746             65.9              51734000         784852.3
03:27:28.330 INFO  ProgressMeter -       chr19:17835867             66.1              51964000         786338.3
03:27:38.358 INFO  ProgressMeter -       chr19:23041868             66.3              52190000         787765.9
03:27:48.435 INFO  ProgressMeter -       chr19:33709811             66.4              52356000         788273.2
03:27:58.464 INFO  ProgressMeter -       chr19:38283698             66.6              52581000         789673.7
03:28:08.469 INFO  ProgressMeter -       chr19:41385739             66.8              52812000         791161.4
03:28:18.488 INFO  ProgressMeter -       chr19:45413397             66.9              53058000         792863.5
03:28:28.612 INFO  ProgressMeter -       chr19:49007263             67.1              53282000         794208.0
03:28:38.625 INFO  ProgressMeter -       chr19:52190832             67.3              53523000         795820.7
03:28:48.627 INFO  ProgressMeter -       chr19:56223658             67.4              53727000         796878.8
03:28:58.630 INFO  ProgressMeter -        chr20:2372753             67.6              53944000         798123.7
03:29:08.656 INFO  ProgressMeter -        chr20:9874595             67.8              54130000         798900.6
03:29:18.734 INFO  ProgressMeter -       chr20:20031217             67.9              54281000         799148.1
03:29:28.808 INFO  ProgressMeter -       chr20:32197007             68.1              54469000         799938.5
03:29:38.837 INFO  ProgressMeter -       chr20:37253599             68.3              54712000         801539.6
03:29:48.837 INFO  ProgressMeter -       chr20:44919631             68.4              54900000         802334.8
03:29:58.846 INFO  ProgressMeter -       chr20:50609240             68.6              55112000         803474.3
03:30:08.854 INFO  ProgressMeter -       chr20:58386206             68.8              55259000         803663.2
03:30:18.860 INFO  ProgressMeter -       chr20:63561365             68.9              55425000         804127.0
03:30:28.932 INFO  ProgressMeter -       chr21:19533201             69.1              55559000         804112.7
03:30:38.939 INFO  ProgressMeter -       chr21:30510455             69.3              55666000         803721.2
03:30:48.965 INFO  ProgressMeter -       chr21:38077404             69.4              55844000         804350.6
03:30:58.975 INFO  ProgressMeter -       chr21:44646780             69.6              56036000         805181.3
03:31:09.026 INFO  ProgressMeter -       chr22:18745848             69.8              56213000         805785.2
03:31:19.051 INFO  ProgressMeter -       chr22:24043175             69.9              56427000         806920.0
03:31:29.071 INFO  ProgressMeter -       chr22:30025666             70.1              56621000         807765.2
03:31:39.095 INFO  ProgressMeter -       chr22:36312180             70.3              56823000         808719.4
03:31:49.167 INFO  ProgressMeter -       chr22:41308183             70.4              57059000         810142.7
03:31:59.233 INFO  ProgressMeter -       chr22:46381912             70.6              57249000         810908.8
03:32:09.239 INFO  ProgressMeter -         chrX:1636149             70.8              57431000         811569.7
03:32:19.254 INFO  ProgressMeter -        chrX:12975115             70.9              57603000         812085.0
03:32:29.254 INFO  ProgressMeter -        chrX:23686332             71.1              57804000         813008.2
03:32:39.270 INFO  ProgressMeter -        chrX:37353074             71.3              57963000         813334.9
03:32:49.281 INFO  ProgressMeter -        chrX:47567241             71.4              58162000         814220.9
03:32:59.350 INFO  ProgressMeter -        chrX:53995684             71.6              58400000         815636.6
03:33:09.398 INFO  ProgressMeter -        chrX:69505296             71.8              58581000         816255.5
03:33:19.427 INFO  ProgressMeter -        chrX:78123046             71.9              58794000         817319.7
03:33:29.442 INFO  ProgressMeter -        chrX:95487015             72.1              58926000         817258.3
03:33:39.469 INFO  ProgressMeter -       chrX:107959221             72.3              59136000         818274.3
03:33:49.498 INFO  ProgressMeter -       chrX:119925166             72.4              59336000         819147.1
03:33:59.603 INFO  ProgressMeter -       chrX:132094408             72.6              59514000         819698.8
03:34:09.626 INFO  ProgressMeter -       chrX:145148919             72.8              59700000         820372.9
03:34:19.648 INFO  ProgressMeter -       chrX:154352857             72.9              59911000         821387.2
03:34:29.664 INFO  ProgressMeter - chrUn_GL000224v1:44297             73.1              60063000         821590.6
03:34:39.706 INFO  ProgressMeter - chr16_KI270853v1_alt:1096421             73.3              60114000         820410.0
03:34:50.049 INFO  ProgressMeter - chr8_KI270926v1_alt:56966             73.4              60142000         818865.7
03:35:00.077 INFO  ProgressMeter - chrUn_JTFH01000101v1_decoy:3337             73.6              60178000         817495.5
03:35:10.334 INFO  ProgressMeter - chrUn_JTFH01001554v1_decoy:1169             73.8              60218000         816143.6
03:35:17.380 INFO  BaseRecalibrator - 6570469 read(s) filtered by: MappingQualityNotZeroReadFilter 
0 read(s) filtered by: MappingQualityAvailableReadFilter 
0 read(s) filtered by: MappedReadFilter 
0 read(s) filtered by: NotSecondaryAlignmentReadFilter 
0 read(s) filtered by: NotDuplicateReadFilter 
0 read(s) filtered by: PassesVendorQualityCheckReadFilter 
0 read(s) filtered by: WellformedReadFilter 
6570469 total reads filtered out of 66793366 reads processed
03:35:17.381 INFO  ProgressMeter - chrUn_JTFH01001972v1_decoy:175             73.9              60222897         814912.8
03:35:17.381 INFO  ProgressMeter - Traversal complete. Processed 60222897 total reads in 73.9 minutes.
03:35:17.780 INFO  BaseRecalibrator - Calculating quantized quality scores...
03:35:17.836 INFO  BaseRecalibrator - Writing recalibration report...
03:35:20.722 INFO  BaseRecalibrator - ...done!
03:35:20.724 INFO  BaseRecalibrator - BaseRecalibrator was able to recalibrate 60222897 reads
03:35:20.725 INFO  BaseRecalibrator - Shutting down engine
[May 29, 2023 at 3:35:20 AM CST] org.broadinstitute.hellbender.tools.walkers.bqsr.BaseRecalibrator done. Elapsed time: 74.04 minutes.
Runtime.totalMemory()=782237696
Tool returned:
SUCCESS
