Using GATK jar /home/victor/Project/WES/XXXXXXXXSS/.snakemake/conda/7f54802ed271dfacc5c816169c8171e5_/share/gatk4-4.4.0.0-0/gatk-package-4.4.0.0-local.jar
Running:
    java -Dsamjdk.use_async_io_read_samtools=false -Dsamjdk.use_async_io_write_samtools=true -Dsamjdk.use_async_io_write_tribble=false -Dsamjdk.compression_level=2 -Xmx819M -jar /home/victor/Project/WES/XXXXXXXXSS/.snakemake/conda/7f54802ed271dfacc5c816169c8171e5_/share/gatk4-4.4.0.0-0/gatk-package-4.4.0.0-local.jar GetPileupSummaries --input results/prepared/P1.T.cram --intervals config/captured_regions.bed --variant /home/victor/DataHub/GATK/small_exac_common_3.hg38.vcf.gz --output results/called/P1.T.getpileupsummaries.table --tmp-dir /tmp/tmpjmed62w6 -R /home/victor/DataHub/GATK/Homo_sapiens_assembly38.fasta
09:34:22.961 INFO  NativeLibraryLoader - Loading libgkl_compression.so from jar:file:/home/victor/Project/WES/XXXXXXXXSS/.snakemake/conda/7f54802ed271dfacc5c816169c8171e5_/share/gatk4-4.4.0.0-0/gatk-package-4.4.0.0-local.jar!/com/intel/gkl/native/libgkl_compression.so
09:34:23.283 INFO  GetPileupSummaries - ------------------------------------------------------------
09:34:23.292 INFO  GetPileupSummaries - The Genome Analysis Toolkit (GATK) v4.4.0.0
09:34:23.293 INFO  GetPileupSummaries - For support and documentation go to https://software.broadinstitute.org/gatk/
09:34:23.299 INFO  GetPileupSummaries - Executing as victor@shpc-1385-instance-rVoBySAX on Linux v5.15.0-71-generic amd64
09:34:23.299 INFO  GetPileupSummaries - Java runtime: OpenJDK 64-Bit Server VM v17.0.3-internal+0-adhoc..src
09:34:23.300 INFO  GetPileupSummaries - Start Date/Time: May 29, 2023 at 9:34:22 AM CST
09:34:23.301 INFO  GetPileupSummaries - ------------------------------------------------------------
09:34:23.301 INFO  GetPileupSummaries - ------------------------------------------------------------
09:34:23.326 INFO  GetPileupSummaries - HTSJDK Version: 3.0.5
09:34:23.330 INFO  GetPileupSummaries - Picard Version: 3.0.0
09:34:23.331 INFO  GetPileupSummaries - Built for Spark Version: 3.3.1
09:34:23.333 INFO  GetPileupSummaries - HTSJDK Defaults.COMPRESSION_LEVEL : 2
09:34:23.333 INFO  GetPileupSummaries - HTSJDK Defaults.USE_ASYNC_IO_READ_FOR_SAMTOOLS : false
09:34:23.340 INFO  GetPileupSummaries - HTSJDK Defaults.USE_ASYNC_IO_WRITE_FOR_SAMTOOLS : true
09:34:23.340 INFO  GetPileupSummaries - HTSJDK Defaults.USE_ASYNC_IO_WRITE_FOR_TRIBBLE : false
09:34:23.341 INFO  GetPileupSummaries - Deflater: IntelDeflater
09:34:23.341 INFO  GetPileupSummaries - Inflater: IntelInflater
09:34:23.342 INFO  GetPileupSummaries - GCS max retries/reopens: 20
09:34:23.342 INFO  GetPileupSummaries - Requester pays: disabled
09:34:23.349 INFO  GetPileupSummaries - Initializing engine
09:34:26.360 INFO  FeatureManager - Using codec VCFCodec to read file file:///home/victor/DataHub/GATK/small_exac_common_3.hg38.vcf.gz
09:34:26.964 INFO  FeatureManager - Using codec BEDCodec to read file file:///home/victor/Project/WES/XXXXXXXXSS/config/captured_regions.bed
09:34:26.981 INFO  IntervalArgumentCollection - Processing 58989998 bp from intervals
09:34:27.140 INFO  GetPileupSummaries - Done initializing engine
09:34:27.168 INFO  ProgressMeter - Starting traversal
09:34:27.176 INFO  ProgressMeter -        Current Locus  Elapsed Minutes        Loci Processed      Loci/Minute
09:34:37.210 INFO  ProgressMeter -         chr1:1959909              0.2                802000        4806232.5
09:34:47.189 INFO  ProgressMeter -         chr1:7564299              0.3               3861000       11576054.4
09:34:57.196 INFO  ProgressMeter -        chr1:12617667              0.5               6916000       13823245.3
09:35:07.199 INFO  ProgressMeter -        chr1:18658804              0.7              10057000       15077207.5
09:35:17.200 INFO  ProgressMeter -        chr1:23272155              0.8              12794000       15345741.0
09:35:27.199 INFO  ProgressMeter -        chr1:27903495              1.0              15579000       15573030.3
09:35:37.200 INFO  ProgressMeter -        chr1:34146925              1.2              19074000       16343539.4
09:35:47.212 INFO  ProgressMeter -        chr1:40818447              1.3              22671000       16995814.3
09:35:57.290 INFO  ProgressMeter -        chr1:46184063              1.5              25541000       17005792.7
09:36:07.290 INFO  ProgressMeter -        chr1:53681604              1.7              28944000       17346624.8
09:36:13.666 INFO  GetPileupSummaries - 0 read(s) filtered by: MappingQualityAvailableReadFilter 
106303 read(s) filtered by: MappingQualityNotZeroReadFilter 
0 read(s) filtered by: MappedReadFilter 
4910 read(s) filtered by: PrimaryLineReadFilter 
0 read(s) filtered by: NotDuplicateReadFilter 
0 read(s) filtered by: PassesVendorQualityCheckReadFilter 
0 read(s) filtered by: NonZeroReferenceLengthAlignmentReadFilter 
0 read(s) filtered by: MateOnSameContigOrNoMappedMateReadFilter 
0 read(s) filtered by: GoodCigarReadFilter 
0 read(s) filtered by: WellformedReadFilter 
111213 total reads filtered out of 2192960 reads processed
09:36:13.667 INFO  ProgressMeter -        chr1:58999547              1.8              31313452       17642872.4
09:36:13.668 INFO  ProgressMeter - Traversal complete. Processed 31313452 total loci in 1.8 minutes.
09:36:13.688 INFO  GetPileupSummaries - Shutting down engine
[May 29, 2023 at 9:36:13 AM CST] org.broadinstitute.hellbender.tools.walkers.contamination.GetPileupSummaries done. Elapsed time: 1.85 minutes.
Runtime.totalMemory()=612368384
Tool returned:
SUCCESS
